<?xml version="1.0" encoding="UTF-8"?>
<testng-results ignored="0" total="1" passed="1" failed="0" skipped="0">
  <reporter-output>
  </reporter-output>
  <suite started-at="2022-04-22T18:53:50 EDT" name="Default suite" finished-at="2022-04-22T18:53:58 EDT" duration-ms="7750">
    <groups>
    </groups>
    <test started-at="2022-04-22T18:53:50 EDT" name="Default test" finished-at="2022-04-22T18:53:58 EDT" duration-ms="7750">
      <class name="com.test.applications.SearchFuncValidation">
        <test-method is-config="true" signature="setUP()[pri:0, instance:com.test.applications.SearchFuncValidation@72e5a8e]" started-at="2022-04-22T18:53:50 EDT" name="setUP" finished-at="2022-04-22T18:53:54 EDT" duration-ms="3341" status="PASS">
          <reporter-output>
          </reporter-output>
        </test-method> <!-- setUP -->
        <test-method signature="testFunction()[pri:0, instance:com.test.applications.SearchFuncValidation@72e5a8e]" started-at="2022-04-22T18:53:54 EDT" name="testFunction" finished-at="2022-04-22T18:53:57 EDT" duration-ms="3488" status="PASS">
          <reporter-output>
          </reporter-output>
        </test-method> <!-- testFunction -->
        <test-method is-config="true" signature="tearDown()[pri:0, instance:com.test.applications.SearchFuncValidation@72e5a8e]" started-at="2022-04-22T18:53:57 EDT" name="tearDown" finished-at="2022-04-22T18:53:58 EDT" duration-ms="872" status="PASS">
          <reporter-output>
          </reporter-output>
        </test-method> <!-- tearDown -->
      </class> <!-- com.test.applications.SearchFuncValidation -->
    </test> <!-- Default test -->
  </suite> <!-- Default suite -->
</testng-results>
